<?xml version="1.0"?>
<testsuites>
	<testsuite errors="0" failures="3" name="test/kwc-nav_test.html (chrome 60)" skipped="0" tests="13">
		<testcase name="basic; instantiating the element works" time="1"/>
		<testcase name="basic; no caret by default" time="0"/>
		<testcase name="basic; no &#x60;#caret&#x60; on DOM when &#x60;hasCaret&#x60; is false" time="17"/>
		<testcase name="basic; no active item by default" time="4">
			<failure message="expected true to equal false">expected true to equal false
  Context.test at kwc-nav_test.html:73</failure>
		</testcase>
		<testcase name="basic; navigation items set properly" time="0"/>
		<testcase name="basic; navigation items set properly on DOM" time="">
			<failure message="navItems is not defined">navItems is not defined
      flush at kwc-nav_test.html:84</failure>
		</testcase>
		<testcase name="empty; no navigation items" time="0"/>
		<testcase name="empty; no navigation items on DOM" time="10"/>
		<testcase name="active item; active item set properly" time="0"/>
		<testcase name="active item; changing active item programatically" time="1"/>
		<testcase name="active item; tapping item changes active item" time="192"/>
		<testcase name="caret; has caret" time="1"/>
		<testcase name="caret; has caret on DOM" time="1">
			<failure message="expected null to exist">expected null to exist
  Context.test at kwc-nav_test.html:161</failure>
		</testcase>
	</testsuite>
	<testsuite errors="0" failures="3" name="test/kwc-nav_test.html (firefox 55)" skipped="0" tests="13">
		<testcase name="basic; instantiating the element works" time="1"/>
		<testcase name="basic; no caret by default" time="1"/>
		<testcase name="basic; no &#x60;#caret&#x60; on DOM when &#x60;hasCaret&#x60; is false" time="78"/>
		<testcase name="basic; no active item by default" time="11">
			<failure message="expected true to equal false">expected true to equal false
                            AssertionError at /components/chai/chai.js:9320
  [3]&lt;/module.exports/Assertion.prototype.assert at /components/chai/chai.js:239
          [6]&lt;/module.exports/assert.equal at /components/chai/chai.js:4218
                                 &lt;unknown&gt; at kwc-nav_test.html:73</failure>
		</testcase>
		<testcase name="basic; navigation items set properly" time="0"/>
		<testcase name="basic; navigation items set properly on DOM" time="">
			<failure message="ReferenceError: navItems is not defined (http://localhost:8001/components/kwc-nav/test/kwc-nav_test.html:84)">ReferenceError: navItems is not defined (http://localhost:8001/components/kwc-nav/test/kwc-nav_test.html:84)
  &lt;unknown&gt; at /components/mocha/mocha.js:64</failure>
		</testcase>
		<testcase name="empty; no navigation items" time="0"/>
		<testcase name="empty; no navigation items on DOM" time="23"/>
		<testcase name="active item; active item set properly" time="1"/>
		<testcase name="active item; changing active item programatically" time="3"/>
		<testcase name="active item; tapping item changes active item" time="170"/>
		<testcase name="caret; has caret" time="0"/>
		<testcase name="caret; has caret on DOM" time="1">
			<failure message="expected null to exist">expected null to exist
                            AssertionError at /components/chai/chai.js:9320
  [3]&lt;/module.exports/Assertion.prototype.assert at /components/chai/chai.js:239
                     [5]&lt;/module.exports/&lt; at /components/chai/chai.js:1188
                            propertyGetter at /components/chai/chai.js:7784
                               proxyGetter at /components/chai/chai.js:9128
         [6]&lt;/module.exports/assert.exists at /components/chai/chai.js:4576
                                 &lt;unknown&gt; at kwc-nav_test.html:161</failure>
		</testcase>
	</testsuite>
	<testsuite errors="0" failures="3" name="test/kwc-nav_test.html (safari 10,1.2)" skipped="0" tests="13">
		<testcase name="basic; instantiating the element works" time="2"/>
		<testcase name="basic; no caret by default" time="0"/>
		<testcase name="basic; no &#x60;#caret&#x60; on DOM when &#x60;hasCaret&#x60; is false" time="216"/>
		<testcase name="basic; no active item by default" time="2">
			<failure message="expected true to equal false">expected true to equal false
  AssertionError at /components/chai/chai.js:9320
          assert at /components/chai/chai.js:239
           equal at /components/chai/chai.js:4218
       &lt;unknown&gt; at kwc-nav_test.html:73</failure>
		</testcase>
		<testcase name="basic; navigation items set properly" time="0"/>
		<testcase name="basic; navigation items set properly on DOM" time="">
			<failure message="ReferenceError: Can&#x27;t find variable: navItems (http://localhost:8001/components/kwc-nav/test/kwc-nav_test.html:84)">ReferenceError: Can't find variable: navItems (http://localhost:8001/components/kwc-nav/test/kwc-nav_test.html:84)</failure>
		</testcase>
		<testcase name="empty; no navigation items" time="0"/>
		<testcase name="empty; no navigation items on DOM" time="13"/>
		<testcase name="active item; active item set properly" time="0"/>
		<testcase name="active item; changing active item programatically" time="0"/>
		<testcase name="active item; tapping item changes active item" time="37"/>
		<testcase name="caret; has caret" time="0"/>
		<testcase name="caret; has caret on DOM" time="1">
			<failure message="expected null to exist">expected null to exist
  AssertionError at /components/chai/chai.js:9320
          assert at /components/chai/chai.js:239
       &lt;unknown&gt; at /components/chai/chai.js:1188
  propertyGetter at /components/chai/chai.js:7784
     proxyGetter at /components/chai/chai.js:9128
          exists at /components/chai/chai.js:4576
       &lt;unknown&gt; at kwc-nav_test.html:161</failure>
		</testcase>
	</testsuite>
</testsuites>
